\BOOKMARK [0][-]{chapter.1}{\376\377\000B\000a\000s\000i\000c\000s\000\040\000o\000f\000\040\000L\000i\000n\000e\000a\000r\000\040\000A\000l\000g\000e\000b\000r\000a}{}% 1
\BOOKMARK [1][-]{section.1.1}{\376\377\000S\000o\000l\000v\000i\000n\000g\000\040\000L\000i\000n\000e\000a\000r\000\040\000S\000y\000s\000t\000e\000m\000s}{chapter.1}% 2
\BOOKMARK [1][-]{section.1.2}{\376\377\000L\000i\000n\000e\000a\000r\000\040\000G\000e\000o\000m\000e\000t\000r\000y\000\040\000o\000f\000\040\000n\000-\000s\000p\000a\000c\000e}{chapter.1}% 3
\BOOKMARK [1][-]{section.1.3}{\376\377\000R\000e\000d\000u\000c\000e\000d\000\040\000R\000o\000w\000\040\000E\000c\000h\000e\000l\000o\000n\000\040\000F\000o\000r\000m}{chapter.1}% 4
\BOOKMARK [1][-]{section.1.4}{\376\377\000M\000a\000t\000r\000i\000x\000\040\000O\000p\000e\000r\000a\000t\000i\000o\000n\000s}{chapter.1}% 5
\BOOKMARK [1][-]{section.1.5}{\376\377\000T\000h\000e\000\040\000I\000n\000v\000e\000r\000s\000e\000\040\000o\000f\000\040\000a\000\040\000M\000a\000t\000r\000i\000x}{chapter.1}% 6
\BOOKMARK [1][-]{section.1.6}{\376\377\000L\000i\000n\000e\000a\000r\000\040\000C\000o\000m\000b\000i\000n\000a\000t\000i\000o\000n\000s\000\040\000a\000n\000d\000\040\000t\000h\000e\000\040\000S\000p\000a\000n\000\040\000o\000f\000\040\000a\000\040\000S\000e\000t\000\040\000o\000f\000\040\000V\000e\000c\000t\000o\000r\000s}{chapter.1}% 7
\BOOKMARK [1][-]{section.1.7}{\376\377\000L\000i\000n\000e\000a\000r\000\040\000I\000n\000d\000e\000p\000e\000n\000d\000e\000n\000c\000e}{chapter.1}% 8
\BOOKMARK [1][-]{section.1.8}{\376\377\000R\000o\000w\000\040\000S\000p\000a\000c\000e\000,\000\040\000C\000o\000l\000u\000m\000n\000\040\000S\000p\000a\000c\000e\000\040\000a\000n\000d\000\040\000R\000a\000n\000k\000\040\000o\000f\000\040\000a\000\040\000M\000a\000t\000r\000i\000x}{chapter.1}% 9
\BOOKMARK [1][-]{section.1.9}{\376\377\000D\000e\000t\000e\000r\000m\000i\000n\000a\000n\000t\000s\000\040\000o\000f\000\040\000S\000q\000u\000a\000r\000e\000\040\000M\000a\000t\000r\000i\000c\000e\000s}{chapter.1}% 10
\BOOKMARK [1][-]{section.1.10}{\376\377\000S\000u\000m\000m\000a\000r\000y\000\040\000o\000f\000\040\000t\000h\000e\000\040\000b\000a\000s\000i\000c\000s\000\040\000o\000f\000\040\000l\000i\000n\000e\000a\000r\000\040\000a\000l\000g\000e\000b\000r\000a}{chapter.1}% 11
\BOOKMARK [0][-]{chapter.2}{\376\377\000V\000e\000c\000t\000o\000r\000\040\000S\000p\000a\000c\000e\000s\000,\000\040\000I\000n\000n\000e\000r\000\040\000P\000r\000o\000d\000u\000c\000t\000\040\000S\000p\000a\000c\000e\000s\000\040\000a\000n\000d\000\040\000L\000i\000n\000e\000a\000r\000\040\000T\000r\000a\000n\000s\000f\000o\000r\000m\000a\000t\000i\000o\000n\000s}{}% 12
\BOOKMARK [1][-]{section.2.1}{\376\377\000V\000e\000c\000t\000o\000r\000\040\000S\000p\000a\000c\000e\000s}{chapter.2}% 13
\BOOKMARK [1][-]{section.2.2}{\376\377\000T\000h\000e\000\040\000S\000p\000a\000n\000\040\000a\000n\000d\000\040\000B\000a\000s\000i\000s\000\040\000o\000f\000\040\000a\000\040\000S\000u\000b\000s\000p\000a\000c\000e}{chapter.2}% 14
\BOOKMARK [1][-]{section.2.3}{\376\377\000I\000n\000n\000e\000r\000\040\000P\000r\000o\000d\000u\000c\000t\000\040\000S\000p\000a\000c\000e\000s}{chapter.2}% 15
\BOOKMARK [1][-]{section.2.4}{\376\377\000L\000i\000n\000e\000a\000r\000\040\000T\000r\000a\000n\000s\000f\000o\000r\000m\000a\000t\000i\000o\000n\000s}{chapter.2}% 16
\BOOKMARK [1][-]{section.2.5}{\376\377\000P\000r\000o\000j\000e\000c\000t\000i\000o\000n\000\040\000M\000a\000p\000s}{chapter.2}% 17
\BOOKMARK [0][-]{chapter.3}{\376\377\000E\000i\000g\000e\000n\000v\000a\000l\000u\000e\000s\000\040\000a\000n\000d\000\040\000E\000i\000g\000e\000n\000v\000e\000c\000t\000o\000r\000s}{}% 18
\BOOKMARK [1][-]{section.3.1}{\376\377\000E\000i\000g\000e\000n\000v\000a\000l\000u\000e\000s\000\040\000a\000n\000d\000\040\000E\000i\000g\000e\000n\000v\000e\000c\000t\000o\000r\000s}{chapter.3}% 19
\BOOKMARK [1][-]{section.3.2}{\376\377\000E\000i\000g\000e\000n\000v\000a\000l\000u\000e\000s\000\040\000a\000n\000d\000\040\000L\000i\000n\000e\000a\000r\000\040\000M\000a\000p\000s}{chapter.3}% 20
\BOOKMARK [1][-]{section.3.3}{\376\377\000A\000p\000p\000l\000i\000c\000a\000t\000i\000o\000n\000s}{chapter.3}% 21
\BOOKMARK [0][-]{chapter.4}{\376\377\000M\000a\000t\000r\000i\000x\000\040\000F\000a\000c\000t\000o\000r\000i\000n\000g}{}% 22
\BOOKMARK [1][-]{section.4.1}{\376\377\000M\000a\000t\000r\000i\000x\000\040\000P\000r\000o\000p\000e\000r\000t\000i\000e\000s\000\040\000a\000n\000d\000\040\000O\000p\000e\000r\000a\000t\000i\000o\000n\000s}{chapter.4}% 23
\BOOKMARK [1][-]{section.4.2}{\376\377\000L\000U\000\040\000F\000a\000c\000t\000o\000r\000i\000z\000a\000t\000i\000o\000n}{chapter.4}% 24
\BOOKMARK [1][-]{section.4.3}{\376\377\000D\000i\000a\000g\000o\000n\000a\000l\000i\000z\000a\000t\000i\000o\000n\000\040\000o\000f\000\040\000M\000a\000t\000r\000i\000c\000e\000s}{chapter.4}% 25
\BOOKMARK [1][-]{section.4.4}{\376\377\000S\000i\000n\000g\000u\000l\000a\000r\000\040\000V\000a\000l\000u\000e\000\040\000D\000e\000c\000o\000m\000p\000o\000s\000i\000t\000i\000o\000n}{chapter.4}% 26
\BOOKMARK [0][-]{chapter.5}{\376\377\000F\000o\000u\000r\000i\000e\000r\000\040\000S\000e\000r\000i\000e\000s}{}% 27
\BOOKMARK [1][-]{section.5.1}{\376\377\000P\000r\000o\000p\000e\000r\000t\000i\000e\000s\000\040\000o\000f\000\040\000F\000u\000n\000c\000t\000i\000o\000n\000s}{chapter.5}% 28
\BOOKMARK [1][-]{section.5.2}{\376\377\000F\000o\000u\000r\000i\000e\000r\000\040\000S\000e\000r\000i\000e\000s}{chapter.5}% 29
\BOOKMARK [1][-]{section.5.3}{\376\377\000E\000v\000e\000n\000\040\000a\000n\000d\000\040\000O\000d\000d\000\040\000F\000u\000n\000c\000t\000i\000o\000n\000s\000;\000\040\000H\000a\000l\000f\000-\000R\000a\000n\000g\000e\000\040\000E\000x\000p\000a\000n\000s\000i\000o\000n\000s}{chapter.5}% 30
\BOOKMARK [1][-]{section.5.4}{\376\377\000A\000p\000p\000r\000o\000x\000i\000m\000a\000t\000i\000o\000n\000\040\000b\000y\000\040\000T\000r\000i\000g\000o\000n\000o\000m\000e\000t\000r\000i\000c\000\040\000P\000o\000l\000y\000n\000o\000m\000i\000a\000l\000s}{chapter.5}% 31
\BOOKMARK [1][-]{section.5.5}{\376\377\000T\000h\000e\000\040\000F\000o\000u\000r\000i\000e\000r\000\040\000S\000e\000r\000i\000e\000s\000\040\000u\000s\000i\000n\000g\000\040\000t\000h\000e\000\040\000c\000o\000m\000p\000l\000e\000x\000\040\000e\000x\000p\000o\000n\000e\000n\000t\000i\000a\000l}{chapter.5}% 32
\BOOKMARK [0][-]{chapter.6}{\376\377\000P\000a\000r\000t\000i\000a\000l\000\040\000D\000i\000f\000f\000e\000r\000e\000n\000t\000i\000a\000l\000\040\000E\000q\000u\000a\000t\000i\000o\000n\000s}{}% 33
\BOOKMARK [1][-]{section.6.1}{\376\377\000P\000a\000r\000t\000i\000a\000l\000\040\000D\000e\000r\000i\000v\000a\000t\000i\000v\000e\000s\000\040\000a\000n\000d\000\040\000D\000i\000f\000f\000e\000r\000e\000n\000t\000i\000a\000l\000\040\000E\000q\000u\000a\000t\000i\000o\000n\000s}{chapter.6}% 34
\BOOKMARK [1][-]{section.6.2}{\376\377\000M\000o\000d\000e\000l\000i\000n\000g\000\040\000w\000i\000t\000h\000\040\000P\000D\000E\000s}{chapter.6}% 35
\BOOKMARK [1][-]{section.6.3}{\376\377\000L\000i\000n\000e\000a\000r\000\040\000o\000r\000d\000i\000n\000a\000r\000y\000\040\000d\000i\000f\000f\000e\000r\000e\000n\000t\000i\000a\000l\000\040\000e\000q\000u\000a\000t\000i\000o\000n\000s}{chapter.6}% 36
\BOOKMARK [1][-]{section.6.4}{\376\377\000S\000t\000u\000r\000m\000-\000L\000i\000o\000u\000v\000i\000l\000l\000e\000\040\000P\000r\000o\000b\000l\000e\000m\000s\000\040}{chapter.6}% 37
\BOOKMARK [1][-]{section.6.5}{\376\377\000S\000o\000l\000v\000i\000n\000g\000\040\000t\000h\000e\000\040\000W\000a\000v\000e\000\040\000E\000q\000u\000a\000t\000i\000o\000n}{chapter.6}% 38
\BOOKMARK [1][-]{section.6.6}{\376\377\000S\000o\000l\000u\000t\000i\000o\000n\000\040\000t\000o\000\040\000t\000h\000e\000\040\0001\000D\000\040\000H\000e\000a\000t\000\040\000E\000q\000u\000a\000t\000i\000o\000n}{chapter.6}% 39
\BOOKMARK [1][-]{section.6.7}{\376\377\000H\000e\000a\000t\000\040\000E\000q\000u\000a\000t\000i\000o\000n\000\040\000i\000n\000\040\000t\000w\000o\000\040\000s\000p\000a\000t\000i\000a\000l\000\040\000d\000i\000m\000e\000n\000s\000i\000o\000n\000s}{chapter.6}% 40
\BOOKMARK [1][-]{section.6.8}{\376\377\000B\000e\000s\000s\000e\000l\000'\000s\000\040\000e\000q\000u\000a\000t\000i\000o\000n\000\040\000a\000n\000d\000\040\000B\000e\000s\000s\000e\000l\000\040\000F\000u\000n\000c\000t\000i\000o\000n\000s}{chapter.6}% 41
\BOOKMARK [1][-]{section.6.9}{\376\377\000T\000h\000e\000\040\000H\000e\000a\000t\000\040\000E\000q\000u\000a\000t\000i\000o\000n\000\040\000i\000n\000\040\000a\000\040\000C\000i\000r\000c\000u\000l\000a\000r\000\040\000R\000e\000g\000i\000o\000n}{chapter.6}% 42
\BOOKMARK [1][-]{section.6.10}{\376\377\000G\000e\000n\000e\000r\000a\000l\000\040\000C\000i\000r\000c\000u\000l\000a\000r\000\040\000H\000e\000a\000t\000\040\000E\000q\000u\000a\000t\000i\000o\000n}{chapter.6}% 43
\BOOKMARK [0][-]{chapter.7}{\376\377\000D\000i\000f\000f\000e\000r\000e\000n\000t\000i\000a\000l\000\040\000E\000q\000u\000a\000t\000i\000o\000n\000s\000\040\000o\000n\000\040\000t\000h\000e\000\040\000r\000e\000a\000l\000\040\000n\000u\000m\000b\000e\000r\000\040\000l\000i\000n\000e\000\040\000a\000n\000d\000\040\000t\000h\000e\000\040\000F\000o\000u\000r\000i\000e\000r\000\040\000T\000r\000a\000n\000s\000f\000o\000r\000m}{}% 44
\BOOKMARK [1][-]{section.7.1}{\376\377\000T\000h\000e\000\040\000F\000o\000u\000r\000i\000e\000r\000\040\000T\000r\000a\000n\000s\000f\000o\000r\000m}{chapter.7}% 45
\BOOKMARK [1][-]{section.7.2}{\376\377\000S\000o\000l\000v\000i\000n\000g\000\040\000t\000h\000e\000\040\000H\000e\000a\000t\000\040\000E\000q\000u\000a\000t\000i\000o\000n\000\040\000u\000s\000i\000n\000g\000\040\000F\000o\000u\000r\000i\000e\000r\000\040\000T\000r\000a\000n\000s\000f\000o\000r\000m}{chapter.7}% 46
